
╔╦╗╔═╗╦═╗╦  ╔═╗╦ ╦
║║║╠═╣╠╦╝║  ║╣ ╚╦╝
╩ ╩╩ ╩╩╚═╩═╝╚═╝ ╩

Don't worry about a thing,
'Cause every little thing gonna be all right.
-- Bob, "Three Little Birds"

Model of Argon Reaction Low Energy Yields
version 1.0.0

Seeded random number generator with 123456
Incident neutrino direction: (0.000000, 0.000000, 1.000000)
Loading nuclear structure data for 33K from file /usr/share/marley/structure/z019
Loading nuclear structure data for 34K from file /usr/share/marley/structure/z019
Loading nuclear structure data for 35K from file /usr/share/marley/structure/z019
Loading nuclear structure data for 36K from file /usr/share/marley/structure/z019
Loading nuclear structure data for 37K from file /usr/share/marley/structure/z019
Loading nuclear structure data for 38K from file /usr/share/marley/structure/z019
Loading nuclear structure data for 39K from file /usr/share/marley/structure/z019
Loading nuclear structure data for 40K from file /usr/share/marley/structure/z019
Loading nuclear structure data for 41K from file /usr/share/marley/structure/z019
Loading nuclear structure data for 42K from file /usr/share/marley/structure/z019
Loading nuclear structure data for 43K from file /usr/share/marley/structure/z019
Loading nuclear structure data for 44K from file /usr/share/marley/structure/z019
Loading nuclear structure data for 45K from file /usr/share/marley/structure/z019
Loading nuclear structure data for 46K from file /usr/share/marley/structure/z019
Loading nuclear structure data for 47K from file /usr/share/marley/structure/z019
Loading nuclear structure data for 48K from file /usr/share/marley/structure/z019
Loading nuclear structure data for 49K from file /usr/share/marley/structure/z019
Loading nuclear structure data for 50K from file /usr/share/marley/structure/z019
Loading nuclear structure data for 51K from file /usr/share/marley/structure/z019
Loading nuclear structure data for 52K from file /usr/share/marley/structure/z019
Loading nuclear structure data for 53K from file /usr/share/marley/structure/z019
Loading nuclear structure data for 54K from file /usr/share/marley/structure/z019
Loading nuclear structure data for 55K from file /usr/share/marley/structure/z019
Loading nuclear structure data for 56K from file /usr/share/marley/structure/z019
Loading nuclear structure data for 31Ar from file /usr/share/marley/structure/z018
Loading nuclear structure data for 32Ar from file /usr/share/marley/structure/z018
Loading nuclear structure data for 33Ar from file /usr/share/marley/structure/z018
Loading nuclear structure data for 34Ar from file /usr/share/marley/structure/z018
Loading nuclear structure data for 35Ar from file /usr/share/marley/structure/z018
Loading nuclear structure data for 36Ar from file /usr/share/marley/structure/z018
Loading nuclear structure data for 37Ar from file /usr/share/marley/structure/z018
Loading nuclear structure data for 38Ar from file /usr/share/marley/structure/z018
Loading nuclear structure data for 39Ar from file /usr/share/marley/structure/z018
Loading nuclear structure data for 40Ar from file /usr/share/marley/structure/z018
Loading nuclear structure data for 41Ar from file /usr/share/marley/structure/z018
Loading nuclear structure data for 42Ar from file /usr/share/marley/structure/z018
Loading nuclear structure data for 43Ar from file /usr/share/marley/structure/z018
Loading nuclear structure data for 44Ar from file /usr/share/marley/structure/z018
Loading nuclear structure data for 45Ar from file /usr/share/marley/structure/z018
Loading nuclear structure data for 46Ar from file /usr/share/marley/structure/z018
Loading nuclear structure data for 47Ar from file /usr/share/marley/structure/z018
Loading nuclear structure data for 48Ar from file /usr/share/marley/structure/z018
Loading nuclear structure data for 49Ar from file /usr/share/marley/structure/z018
Loading nuclear structure data for 50Ar from file /usr/share/marley/structure/z018
Loading nuclear structure data for 51Ar from file /usr/share/marley/structure/z018
Loading nuclear structure data for 53Ar from file /usr/share/marley/structure/z018
Loading nuclear structure data for 29Cl from file /usr/share/marley/structure/z017
Loading nuclear structure data for 30Cl from file /usr/share/marley/structure/z017
Loading nuclear structure data for 31Cl from file /usr/share/marley/structure/z017
Loading nuclear structure data for 32Cl from file /usr/share/marley/structure/z017
Loading nuclear structure data for 33Cl from file /usr/share/marley/structure/z017
Loading nuclear structure data for 34Cl from file /usr/share/marley/structure/z017
Loading nuclear structure data for 35Cl from file /usr/share/marley/structure/z017
Loading nuclear structure data for 36Cl from file /usr/share/marley/structure/z017
Loading nuclear structure data for 37Cl from file /usr/share/marley/structure/z017
Loading nuclear structure data for 38Cl from file /usr/share/marley/structure/z017
Loading nuclear structure data for 39Cl from file /usr/share/marley/structure/z017
Loading nuclear structure data for 40Cl from file /usr/share/marley/structure/z017
Loading nuclear structure data for 41Cl from file /usr/share/marley/structure/z017
Loading nuclear structure data for 42Cl from file /usr/share/marley/structure/z017
Loading nuclear structure data for 43Cl from file /usr/share/marley/structure/z017
Loading nuclear structure data for 44Cl from file /usr/share/marley/structure/z017
Loading nuclear structure data for 45Cl from file /usr/share/marley/structure/z017
Loading nuclear structure data for 46Cl from file /usr/share/marley/structure/z017
Loading nuclear structure data for 47Cl from file /usr/share/marley/structure/z017
Loading nuclear structure data for 48Cl from file /usr/share/marley/structure/z017
Loading nuclear structure data for 49Cl from file /usr/share/marley/structure/z017
Loading nuclear structure data for 50Cl from file /usr/share/marley/structure/z017
Loading nuclear structure data for 51Cl from file /usr/share/marley/structure/z017
Loading reaction data from file /usr/share/marley/react/ve40ArCC_2009.react
Added reaction ve + 40Ar --> 40K* + e⁻
Created muon decay-at-rest ve source